{"C:\\Users\\marco\\Project\\AirbnbClone-Expo\\.eslintrc.js": {"path":"C:\\Users\\marco\\Project\\AirbnbClone-Expo\\.eslintrc.js","statementMap":{"0":{"start":{"line":1,"column":0},"end":{"line":4,"column":4}}},"fnMap":{},"branchMap":{},"s":{"0":0},"f":{},"b":{}}
,"C:\\Users\\marco\\Project\\AirbnbClone-Expo\\App.js": {"path":"C:\\Users\\marco\\Project\\AirbnbClone-Expo\\App.js","statementMap":{"0":{"start":{"line":18,"column":0},"end":{"line":18,"column":30}},"1":{"start":{"line":20,"column":12},"end":{"line":26,"column":1}},"2":{"start":{"line":21,"column":2},"end":{"line":25,"column":4}},"3":{"start":{"line":28,"column":15},"end":{"line":33,"column":2}}},"fnMap":{"0":{"name":"(anonymous_0)","decl":{"start":{"line":20,"column":12},"end":{"line":20,"column":13}},"loc":{"start":{"line":20,"column":18},"end":{"line":26,"column":1}},"line":20}},"branchMap":{},"s":{"0":0,"1":0,"2":0,"3":0},"f":{"0":0},"b":{}}
,"C:\\Users\\marco\\Project\\AirbnbClone-Expo\\index.js": {"path":"C:\\Users\\marco\\Project\\AirbnbClone-Expo\\index.js","statementMap":{"0":{"start":{"line":9,"column":0},"end":{"line":9,"column":50}},"1":{"start":{"line":9,"column":45},"end":{"line":9,"column":48}}},"fnMap":{"0":{"name":"(anonymous_0)","decl":{"start":{"line":9,"column":39},"end":{"line":9,"column":40}},"loc":{"start":{"line":9,"column":45},"end":{"line":9,"column":48}},"line":9}},"branchMap":{},"s":{"0":0,"1":0},"f":{"0":0},"b":{}}
,"C:\\Users\\marco\\Project\\AirbnbClone-Expo\\jest.config.js": {"path":"C:\\Users\\marco\\Project\\AirbnbClone-Expo\\jest.config.js","statementMap":{"0":{"start":{"line":1,"column":21},"end":{"line":1,"column":43}},"1":{"start":{"line":3,"column":0},"end":{"line":31,"column":2}}},"fnMap":{},"branchMap":{},"s":{"0":0,"1":0},"f":{},"b":{}}
,"C:\\Users\\marco\\Project\\AirbnbClone-Expo\\amplify\\backend\\types\\amplify-dependent-resources-ref.d.ts": {"path":"C:\\Users\\marco\\Project\\AirbnbClone-Expo\\amplify\\backend\\types\\amplify-dependent-resources-ref.d.ts","statementMap":{},"fnMap":{},"branchMap":{},"s":{},"f":{},"b":{}}
,"C:\\Users\\marco\\Project\\AirbnbClone-Expo\\assets\\data\\feed.js": {"path":"C:\\Users\\marco\\Project\\AirbnbClone-Expo\\assets\\data\\feed.js","statementMap":{},"fnMap":{},"branchMap":{},"s":{},"f":{},"b":{}}
,"C:\\Users\\marco\\Project\\AirbnbClone-Expo\\assets\\data\\search.js": {"path":"C:\\Users\\marco\\Project\\AirbnbClone-Expo\\assets\\data\\search.js","statementMap":{},"fnMap":{},"branchMap":{},"s":{},"f":{},"b":{}}
,"C:\\Users\\marco\\Project\\AirbnbClone-Expo\\src\\aws-exports.js": {"path":"C:\\Users\\marco\\Project\\AirbnbClone-Expo\\src\\aws-exports.js","statementMap":{"0":{"start":{"line":4,"column":18},"end":{"line":31,"column":1}}},"fnMap":{},"branchMap":{},"s":{"0":0},"f":{},"b":{}}
,"C:\\Users\\marco\\Project\\AirbnbClone-Expo\\src\\components\\CustomButton\\CustomButton.js": {"path":"C:\\Users\\marco\\Project\\AirbnbClone-Expo\\src\\components\\CustomButton\\CustomButton.js","statementMap":{"0":{"start":{"line":4,"column":21},"end":{"line":23,"column":1}},"1":{"start":{"line":5,"column":2},"end":{"line":22,"column":4}},"2":{"start":{"line":25,"column":15},"end":{"line":59,"column":2}}},"fnMap":{"0":{"name":"(anonymous_0)","decl":{"start":{"line":4,"column":21},"end":{"line":4,"column":22}},"loc":{"start":{"line":4,"column":78},"end":{"line":23,"column":1}},"line":4}},"branchMap":{"0":{"loc":{"start":{"line":4,"column":38},"end":{"line":4,"column":54}},"type":"default-arg","locations":[{"start":{"line":4,"column":45},"end":{"line":4,"column":54}}],"line":4},"1":{"loc":{"start":{"line":11,"column":8},"end":{"line":11,"column":49}},"type":"cond-expr","locations":[{"start":{"line":11,"column":18},"end":{"line":11,"column":44}},{"start":{"line":11,"column":47},"end":{"line":11,"column":49}}],"line":11},"2":{"loc":{"start":{"line":17,"column":10},"end":{"line":17,"column":41}},"type":"cond-expr","locations":[{"start":{"line":17,"column":20},"end":{"line":17,"column":36}},{"start":{"line":17,"column":39},"end":{"line":17,"column":41}}],"line":17}},"s":{"0":0,"1":0,"2":0},"f":{"0":0},"b":{"0":[0],"1":[0,0],"2":[0,0]}}
,"C:\\Users\\marco\\Project\\AirbnbClone-Expo\\src\\components\\CustomButton\\index.js": {"path":"C:\\Users\\marco\\Project\\AirbnbClone-Expo\\src\\components\\CustomButton\\index.js","statementMap":{},"fnMap":{},"branchMap":{},"s":{},"f":{},"b":{}}
,"C:\\Users\\marco\\Project\\AirbnbClone-Expo\\src\\components\\CustomInput\\CustomInput.js": {"path":"C:\\Users\\marco\\Project\\AirbnbClone-Expo\\src\\components\\CustomInput\\CustomInput.js","statementMap":{"0":{"start":{"line":5,"column":20},"end":{"line":40,"column":1}},"1":{"start":{"line":12,"column":2},"end":{"line":39,"column":4}},"2":{"start":{"line":18,"column":8},"end":{"line":36,"column":11}},"3":{"start":{"line":42,"column":15},"end":{"line":59,"column":2}}},"fnMap":{"0":{"name":"(anonymous_0)","decl":{"start":{"line":5,"column":20},"end":{"line":5,"column":21}},"loc":{"start":{"line":11,"column":6},"end":{"line":40,"column":1}},"line":11},"1":{"name":"(anonymous_1)","decl":{"start":{"line":17,"column":14},"end":{"line":17,"column":15}},"loc":{"start":{"line":18,"column":8},"end":{"line":36,"column":11}},"line":18}},"branchMap":{"0":{"loc":{"start":{"line":8,"column":2},"end":{"line":8,"column":12}},"type":"default-arg","locations":[{"start":{"line":8,"column":10},"end":{"line":8,"column":12}}],"line":8},"1":{"loc":{"start":{"line":22,"column":28},"end":{"line":22,"column":53}},"type":"cond-expr","locations":[{"start":{"line":22,"column":36},"end":{"line":22,"column":41}},{"start":{"line":22,"column":44},"end":{"line":22,"column":53}}],"line":22},"2":{"loc":{"start":{"line":33,"column":11},"end":{"line":35,"column":11}},"type":"binary-expr","locations":[{"start":{"line":33,"column":11},"end":{"line":33,"column":16}},{"start":{"line":34,"column":12},"end":{"line":34,"column":96}}],"line":33},"3":{"loc":{"start":{"line":34,"column":64},"end":{"line":34,"column":88}},"type":"binary-expr","locations":[{"start":{"line":34,"column":64},"end":{"line":34,"column":77}},{"start":{"line":34,"column":81},"end":{"line":34,"column":88}}],"line":34}},"s":{"0":0,"1":0,"2":0,"3":0},"f":{"0":0,"1":0},"b":{"0":[0],"1":[0,0],"2":[0,0],"3":[0,0]}}
,"C:\\Users\\marco\\Project\\AirbnbClone-Expo\\src\\components\\CustomInput\\index.js": {"path":"C:\\Users\\marco\\Project\\AirbnbClone-Expo\\src\\components\\CustomInput\\index.js","statementMap":{},"fnMap":{},"branchMap":{},"s":{},"f":{},"b":{}}
,"C:\\Users\\marco\\Project\\AirbnbClone-Expo\\src\\components\\CustomMarker\\index.js": {"path":"C:\\Users\\marco\\Project\\AirbnbClone-Expo\\src\\components\\CustomMarker\\index.js","statementMap":{"0":{"start":{"line":5,"column":21},"end":{"line":21,"column":1}},"1":{"start":{"line":6,"column":53},"end":{"line":6,"column":58}},"2":{"start":{"line":8,"column":2},"end":{"line":20,"column":4}}},"fnMap":{"0":{"name":"(anonymous_0)","decl":{"start":{"line":5,"column":21},"end":{"line":5,"column":22}},"loc":{"start":{"line":5,"column":32},"end":{"line":21,"column":1}},"line":5}},"branchMap":{"0":{"loc":{"start":{"line":11,"column":25},"end":{"line":11,"column":55}},"type":"cond-expr","locations":[{"start":{"line":11,"column":38},"end":{"line":11,"column":45}},{"start":{"line":11,"column":48},"end":{"line":11,"column":55}}],"line":11},"1":{"loc":{"start":{"line":17,"column":30},"end":{"line":17,"column":60}},"type":"cond-expr","locations":[{"start":{"line":17,"column":43},"end":{"line":17,"column":50}},{"start":{"line":17,"column":53},"end":{"line":17,"column":60}}],"line":17}},"s":{"0":0,"1":0,"2":0},"f":{"0":0},"b":{"0":[0,0],"1":[0,0]}}
,"C:\\Users\\marco\\Project\\AirbnbClone-Expo\\src\\components\\DetailedPost\\index.js": {"path":"C:\\Users\\marco\\Project\\AirbnbClone-Expo\\src\\components\\DetailedPost\\index.js","statementMap":{"0":{"start":{"line":5,"column":13},"end":{"line":5,"column":14}},"1":{"start":{"line":7,"column":13},"end":{"line":48,"column":1}},"2":{"start":{"line":9,"column":15},"end":{"line":9,"column":26}},"3":{"start":{"line":10,"column":2},"end":{"line":10,"column":36}},"4":{"start":{"line":11,"column":2},"end":{"line":11,"column":21}},"5":{"start":{"line":13,"column":2},"end":{"line":47,"column":4}}},"fnMap":{"0":{"name":"(anonymous_0)","decl":{"start":{"line":7,"column":13},"end":{"line":7,"column":14}},"loc":{"start":{"line":7,"column":24},"end":{"line":48,"column":1}},"line":7}},"branchMap":{},"s":{"0":0,"1":0,"2":0,"3":0,"4":0,"5":0},"f":{"0":0},"b":{}}
,"C:\\Users\\marco\\Project\\AirbnbClone-Expo\\src\\components\\DetailedPost\\styles.js": {"path":"C:\\Users\\marco\\Project\\AirbnbClone-Expo\\src\\components\\DetailedPost\\styles.js","statementMap":{"0":{"start":{"line":3,"column":15},"end":{"line":42,"column":2}}},"fnMap":{},"branchMap":{},"s":{"0":0},"f":{},"b":{}}
,"C:\\Users\\marco\\Project\\AirbnbClone-Expo\\src\\components\\Post\\index.js": {"path":"C:\\Users\\marco\\Project\\AirbnbClone-Expo\\src\\components\\Post\\index.js","statementMap":{"0":{"start":{"line":6,"column":13},"end":{"line":6,"column":14}},"1":{"start":{"line":8,"column":13},"end":{"line":46,"column":1}},"2":{"start":{"line":13,"column":15},"end":{"line":13,"column":25}},"3":{"start":{"line":15,"column":21},"end":{"line":15,"column":36}},"4":{"start":{"line":17,"column":23},"end":{"line":19,"column":3}},"5":{"start":{"line":18,"column":4},"end":{"line":18,"column":53}},"6":{"start":{"line":21,"column":2},"end":{"line":45,"column":4}}},"fnMap":{"0":{"name":"(anonymous_0)","decl":{"start":{"line":8,"column":13},"end":{"line":8,"column":14}},"loc":{"start":{"line":8,"column":26},"end":{"line":46,"column":1}},"line":8},"1":{"name":"(anonymous_1)","decl":{"start":{"line":17,"column":23},"end":{"line":17,"column":24}},"loc":{"start":{"line":17,"column":29},"end":{"line":19,"column":3}},"line":17}},"branchMap":{},"s":{"0":0,"1":0,"2":0,"3":0,"4":0,"5":0,"6":0},"f":{"0":0,"1":0},"b":{}}
,"C:\\Users\\marco\\Project\\AirbnbClone-Expo\\src\\components\\Post\\styles.js": {"path":"C:\\Users\\marco\\Project\\AirbnbClone-Expo\\src\\components\\Post\\styles.js","statementMap":{"0":{"start":{"line":3,"column":15},"end":{"line":37,"column":2}}},"fnMap":{},"branchMap":{},"s":{"0":0},"f":{},"b":{}}
,"C:\\Users\\marco\\Project\\AirbnbClone-Expo\\src\\components\\PostCarouselItem\\index.js": {"path":"C:\\Users\\marco\\Project\\AirbnbClone-Expo\\src\\components\\PostCarouselItem\\index.js","statementMap":{"0":{"start":{"line":6,"column":13},"end":{"line":46,"column":1}},"1":{"start":{"line":8,"column":15},"end":{"line":8,"column":25}},"2":{"start":{"line":9,"column":16},"end":{"line":9,"column":43}},"3":{"start":{"line":11,"column":21},"end":{"line":11,"column":36}},"4":{"start":{"line":13,"column":23},"end":{"line":15,"column":3}},"5":{"start":{"line":14,"column":4},"end":{"line":14,"column":51}},"6":{"start":{"line":17,"column":2},"end":{"line":45,"column":4}}},"fnMap":{"0":{"name":"(anonymous_0)","decl":{"start":{"line":6,"column":13},"end":{"line":6,"column":14}},"loc":{"start":{"line":6,"column":24},"end":{"line":46,"column":1}},"line":6},"1":{"name":"(anonymous_1)","decl":{"start":{"line":13,"column":23},"end":{"line":13,"column":24}},"loc":{"start":{"line":13,"column":29},"end":{"line":15,"column":3}},"line":13}},"branchMap":{},"s":{"0":0,"1":0,"2":0,"3":0,"4":0,"5":0,"6":0},"f":{"0":0,"1":0},"b":{}}
,"C:\\Users\\marco\\Project\\AirbnbClone-Expo\\src\\components\\PostCarouselItem\\styles.js": {"path":"C:\\Users\\marco\\Project\\AirbnbClone-Expo\\src\\components\\PostCarouselItem\\styles.js","statementMap":{"0":{"start":{"line":3,"column":15},"end":{"line":55,"column":2}}},"fnMap":{},"branchMap":{},"s":{"0":0},"f":{},"b":{}}
,"C:\\Users\\marco\\Project\\AirbnbClone-Expo\\src\\components\\SocialSignInButtons\\SocialSignInButtons.js": {"path":"C:\\Users\\marco\\Project\\AirbnbClone-Expo\\src\\components\\SocialSignInButtons\\SocialSignInButtons.js","statementMap":{"0":{"start":{"line":6,"column":28},"end":{"line":42,"column":1}},"1":{"start":{"line":7,"column":27},"end":{"line":9,"column":3}},"2":{"start":{"line":8,"column":4},"end":{"line":8,"column":37}},"3":{"start":{"line":11,"column":25},"end":{"line":13,"column":3}},"4":{"start":{"line":12,"column":4},"end":{"line":12,"column":35}},"5":{"start":{"line":15,"column":24},"end":{"line":17,"column":3}},"6":{"start":{"line":16,"column":4},"end":{"line":16,"column":34}},"7":{"start":{"line":19,"column":2},"end":{"line":41,"column":4}},"8":{"start":{"line":26,"column":24},"end":{"line":26,"column":84}}},"fnMap":{"0":{"name":"(anonymous_0)","decl":{"start":{"line":6,"column":28},"end":{"line":6,"column":29}},"loc":{"start":{"line":6,"column":34},"end":{"line":42,"column":1}},"line":6},"1":{"name":"(anonymous_1)","decl":{"start":{"line":7,"column":27},"end":{"line":7,"column":28}},"loc":{"start":{"line":7,"column":33},"end":{"line":9,"column":3}},"line":7},"2":{"name":"(anonymous_2)","decl":{"start":{"line":11,"column":25},"end":{"line":11,"column":26}},"loc":{"start":{"line":11,"column":31},"end":{"line":13,"column":3}},"line":11},"3":{"name":"(anonymous_3)","decl":{"start":{"line":15,"column":24},"end":{"line":15,"column":25}},"loc":{"start":{"line":15,"column":30},"end":{"line":17,"column":3}},"line":15},"4":{"name":"(anonymous_4)","decl":{"start":{"line":26,"column":17},"end":{"line":26,"column":18}},"loc":{"start":{"line":26,"column":24},"end":{"line":26,"column":84}},"line":26}},"branchMap":{},"s":{"0":0,"1":0,"2":0,"3":0,"4":0,"5":0,"6":0,"7":0,"8":0},"f":{"0":0,"1":0,"2":0,"3":0,"4":0},"b":{}}
,"C:\\Users\\marco\\Project\\AirbnbClone-Expo\\src\\components\\SocialSignInButtons\\index.js": {"path":"C:\\Users\\marco\\Project\\AirbnbClone-Expo\\src\\components\\SocialSignInButtons\\index.js","statementMap":{},"fnMap":{},"branchMap":{},"s":{},"f":{},"b":{}}
,"C:\\Users\\marco\\Project\\AirbnbClone-Expo\\src\\graphql\\mutations.js": {"path":"C:\\Users\\marco\\Project\\AirbnbClone-Expo\\src\\graphql\\mutations.js","statementMap":{"0":{"start":{"line":4,"column":40},"end":{"line":27,"column":1}},"1":{"start":{"line":28,"column":40},"end":{"line":51,"column":1}},"2":{"start":{"line":52,"column":40},"end":{"line":75,"column":1}}},"fnMap":{},"branchMap":{},"s":{"0":0,"1":0,"2":0},"f":{},"b":{}}
,"C:\\Users\\marco\\Project\\AirbnbClone-Expo\\src\\graphql\\queries.js": {"path":"C:\\Users\\marco\\Project\\AirbnbClone-Expo\\src\\graphql\\queries.js","statementMap":{"0":{"start":{"line":4,"column":37},"end":{"line":24,"column":1}},"1":{"start":{"line":25,"column":39},"end":{"line":53,"column":1}}},"fnMap":{},"branchMap":{},"s":{"0":0,"1":0},"f":{},"b":{}}
,"C:\\Users\\marco\\Project\\AirbnbClone-Expo\\src\\graphql\\subscriptions.js": {"path":"C:\\Users\\marco\\Project\\AirbnbClone-Expo\\src\\graphql\\subscriptions.js","statementMap":{"0":{"start":{"line":4,"column":42},"end":{"line":24,"column":1}},"1":{"start":{"line":25,"column":42},"end":{"line":45,"column":1}},"2":{"start":{"line":46,"column":42},"end":{"line":66,"column":1}}},"fnMap":{},"branchMap":{},"s":{"0":0,"1":0,"2":0},"f":{},"b":{}}
,"C:\\Users\\marco\\Project\\AirbnbClone-Expo\\src\\navigation\\ExploreNavigator.js": {"path":"C:\\Users\\marco\\Project\\AirbnbClone-Expo\\src\\navigation\\ExploreNavigator.js","statementMap":{"0":{"start":{"line":7,"column":14},"end":{"line":7,"column":42}},"1":{"start":{"line":9,"column":15},"end":{"line":30,"column":1}},"2":{"start":{"line":10,"column":2},"end":{"line":29,"column":4}}},"fnMap":{"0":{"name":"(anonymous_0)","decl":{"start":{"line":9,"column":15},"end":{"line":9,"column":16}},"loc":{"start":{"line":9,"column":26},"end":{"line":30,"column":1}},"line":9}},"branchMap":{},"s":{"0":0,"1":0,"2":0},"f":{"0":0},"b":{}}
,"C:\\Users\\marco\\Project\\AirbnbClone-Expo\\src\\navigation\\HomeTabNavigator.js": {"path":"C:\\Users\\marco\\Project\\AirbnbClone-Expo\\src\\navigation\\HomeTabNavigator.js","statementMap":{"0":{"start":{"line":11,"column":12},"end":{"line":11,"column":38}},"1":{"start":{"line":13,"column":27},"end":{"line":67,"column":1}},"2":{"start":{"line":14,"column":2},"end":{"line":66,"column":4}},"3":{"start":{"line":25,"column":12},"end":{"line":25,"column":75}},"4":{"start":{"line":34,"column":12},"end":{"line":34,"column":65}},"5":{"start":{"line":43,"column":12},"end":{"line":43,"column":66}},"6":{"start":{"line":52,"column":12},"end":{"line":52,"column":59}},"7":{"start":{"line":61,"column":12},"end":{"line":61,"column":64}}},"fnMap":{"0":{"name":"(anonymous_0)","decl":{"start":{"line":13,"column":27},"end":{"line":13,"column":28}},"loc":{"start":{"line":13,"column":38},"end":{"line":67,"column":1}},"line":13},"1":{"name":"(anonymous_1)","decl":{"start":{"line":24,"column":22},"end":{"line":24,"column":23}},"loc":{"start":{"line":25,"column":12},"end":{"line":25,"column":75}},"line":25},"2":{"name":"(anonymous_2)","decl":{"start":{"line":33,"column":22},"end":{"line":33,"column":23}},"loc":{"start":{"line":34,"column":12},"end":{"line":34,"column":65}},"line":34},"3":{"name":"(anonymous_3)","decl":{"start":{"line":42,"column":22},"end":{"line":42,"column":23}},"loc":{"start":{"line":43,"column":12},"end":{"line":43,"column":66}},"line":43},"4":{"name":"(anonymous_4)","decl":{"start":{"line":51,"column":22},"end":{"line":51,"column":23}},"loc":{"start":{"line":52,"column":12},"end":{"line":52,"column":59}},"line":52},"5":{"name":"(anonymous_5)","decl":{"start":{"line":60,"column":22},"end":{"line":60,"column":23}},"loc":{"start":{"line":61,"column":12},"end":{"line":61,"column":64}},"line":61}},"branchMap":{},"s":{"0":0,"1":0,"2":0,"3":0,"4":0,"5":0,"6":0,"7":0},"f":{"0":0,"1":0,"2":0,"3":0,"4":0,"5":0},"b":{}}
,"C:\\Users\\marco\\Project\\AirbnbClone-Expo\\src\\navigation\\Router.js": {"path":"C:\\Users\\marco\\Project\\AirbnbClone-Expo\\src\\navigation\\Router.js","statementMap":{"0":{"start":{"line":18,"column":14},"end":{"line":18,"column":42}},"1":{"start":{"line":20,"column":15},"end":{"line":75,"column":1}},"2":{"start":{"line":21,"column":26},"end":{"line":21,"column":45}},"3":{"start":{"line":23,"column":20},"end":{"line":30,"column":3}},"4":{"start":{"line":24,"column":4},"end":{"line":29,"column":5}},"5":{"start":{"line":25,"column":23},"end":{"line":25,"column":81}},"6":{"start":{"line":26,"column":6},"end":{"line":26,"column":24}},"7":{"start":{"line":28,"column":6},"end":{"line":28,"column":20}},"8":{"start":{"line":32,"column":2},"end":{"line":34,"column":9}},"9":{"start":{"line":33,"column":4},"end":{"line":33,"column":16}},"10":{"start":{"line":36,"column":2},"end":{"line":45,"column":9}},"11":{"start":{"line":37,"column":21},"end":{"line":41,"column":5}},"12":{"start":{"line":38,"column":6},"end":{"line":40,"column":7}},"13":{"start":{"line":39,"column":8},"end":{"line":39,"column":20}},"14":{"start":{"line":43,"column":4},"end":{"line":43,"column":33}},"15":{"start":{"line":44,"column":4},"end":{"line":44,"column":46}},"16":{"start":{"line":44,"column":17},"end":{"line":44,"column":45}},"17":{"start":{"line":47,"column":2},"end":{"line":53,"column":3}},"18":{"start":{"line":48,"column":4},"end":{"line":52,"column":6}},"19":{"start":{"line":55,"column":2},"end":{"line":74,"column":4}}},"fnMap":{"0":{"name":"(anonymous_0)","decl":{"start":{"line":20,"column":15},"end":{"line":20,"column":16}},"loc":{"start":{"line":20,"column":26},"end":{"line":75,"column":1}},"line":20},"1":{"name":"(anonymous_1)","decl":{"start":{"line":23,"column":20},"end":{"line":23,"column":21}},"loc":{"start":{"line":23,"column":32},"end":{"line":30,"column":3}},"line":23},"2":{"name":"(anonymous_2)","decl":{"start":{"line":32,"column":12},"end":{"line":32,"column":13}},"loc":{"start":{"line":32,"column":18},"end":{"line":34,"column":3}},"line":32},"3":{"name":"(anonymous_3)","decl":{"start":{"line":36,"column":12},"end":{"line":36,"column":13}},"loc":{"start":{"line":36,"column":18},"end":{"line":45,"column":3}},"line":36},"4":{"name":"(anonymous_4)","decl":{"start":{"line":37,"column":21},"end":{"line":37,"column":22}},"loc":{"start":{"line":37,"column":29},"end":{"line":41,"column":5}},"line":37},"5":{"name":"(anonymous_5)","decl":{"start":{"line":44,"column":11},"end":{"line":44,"column":12}},"loc":{"start":{"line":44,"column":17},"end":{"line":44,"column":45}},"line":44}},"branchMap":{"0":{"loc":{"start":{"line":38,"column":6},"end":{"line":40,"column":7}},"type":"if","locations":[{"start":{"line":38,"column":6},"end":{"line":40,"column":7}},{"start":{},"end":{}}],"line":38},"1":{"loc":{"start":{"line":38,"column":10},"end":{"line":38,"column":77}},"type":"binary-expr","locations":[{"start":{"line":38,"column":10},"end":{"line":38,"column":41}},{"start":{"line":38,"column":45},"end":{"line":38,"column":77}}],"line":38},"2":{"loc":{"start":{"line":47,"column":2},"end":{"line":53,"column":3}},"type":"if","locations":[{"start":{"line":47,"column":2},"end":{"line":53,"column":3}},{"start":{},"end":{}}],"line":47},"3":{"loc":{"start":{"line":58,"column":9},"end":{"line":68,"column":9}},"type":"cond-expr","locations":[{"start":{"line":59,"column":10},"end":{"line":59,"column":69}},{"start":{"line":61,"column":10},"end":{"line":67,"column":13}}],"line":58}},"s":{"0":0,"1":0,"2":0,"3":0,"4":0,"5":0,"6":0,"7":0,"8":0,"9":0,"10":0,"11":0,"12":0,"13":0,"14":0,"15":0,"16":0,"17":0,"18":0,"19":0},"f":{"0":0,"1":0,"2":0,"3":0,"4":0,"5":0},"b":{"0":[0,0],"1":[0,0],"2":[0,0],"3":[0,0]}}
,"C:\\Users\\marco\\Project\\AirbnbClone-Expo\\src\\navigation\\SearchResultsTabNavigator.js": {"path":"C:\\Users\\marco\\Project\\AirbnbClone-Expo\\src\\navigation\\SearchResultsTabNavigator.js","statementMap":{"0":{"start":{"line":10,"column":12},"end":{"line":10,"column":43}},"1":{"start":{"line":12,"column":34},"end":{"line":76,"column":1}},"2":{"start":{"line":13,"column":30},"end":{"line":13,"column":42}},"3":{"start":{"line":15,"column":16},"end":{"line":15,"column":26}},"4":{"start":{"line":16,"column":31},"end":{"line":16,"column":43}},"5":{"start":{"line":19,"column":2},"end":{"line":52,"column":8}},"6":{"start":{"line":20,"column":23},"end":{"line":49,"column":5}},"7":{"start":{"line":21,"column":6},"end":{"line":48,"column":7}},"8":{"start":{"line":22,"column":28},"end":{"line":44,"column":9}},"9":{"start":{"line":45,"column":8},"end":{"line":45,"column":50}},"10":{"start":{"line":47,"column":8},"end":{"line":47,"column":22}},"11":{"start":{"line":51,"column":4},"end":{"line":51,"column":16}},"12":{"start":{"line":55,"column":2},"end":{"line":75,"column":4}},"13":{"start":{"line":66,"column":10},"end":{"line":66,"column":41}},"14":{"start":{"line":71,"column":10},"end":{"line":71,"column":44}}},"fnMap":{"0":{"name":"(anonymous_0)","decl":{"start":{"line":12,"column":34},"end":{"line":12,"column":35}},"loc":{"start":{"line":12,"column":45},"end":{"line":76,"column":1}},"line":12},"1":{"name":"(anonymous_1)","decl":{"start":{"line":19,"column":12},"end":{"line":19,"column":13}},"loc":{"start":{"line":19,"column":18},"end":{"line":52,"column":3}},"line":19},"2":{"name":"(anonymous_2)","decl":{"start":{"line":20,"column":23},"end":{"line":20,"column":24}},"loc":{"start":{"line":20,"column":35},"end":{"line":49,"column":5}},"line":20},"3":{"name":"(anonymous_3)","decl":{"start":{"line":65,"column":9},"end":{"line":65,"column":10}},"loc":{"start":{"line":66,"column":10},"end":{"line":66,"column":41}},"line":66},"4":{"name":"(anonymous_4)","decl":{"start":{"line":70,"column":9},"end":{"line":70,"column":10}},"loc":{"start":{"line":71,"column":10},"end":{"line":71,"column":44}},"line":71}},"branchMap":{},"s":{"0":0,"1":0,"2":0,"3":0,"4":0,"5":0,"6":0,"7":0,"8":0,"9":0,"10":0,"11":0,"12":0,"13":0,"14":0},"f":{"0":0,"1":0,"2":0,"3":0,"4":0},"b":{}}
,"C:\\Users\\marco\\Project\\AirbnbClone-Expo\\src\\screens\\ConfirmEmailScreen\\ConfirmEmailScreen.js": {"path":"C:\\Users\\marco\\Project\\AirbnbClone-Expo\\src\\screens\\ConfirmEmailScreen\\ConfirmEmailScreen.js","statementMap":{"0":{"start":{"line":11,"column":27},"end":{"line":82,"column":1}},"1":{"start":{"line":12,"column":16},"end":{"line":12,"column":26}},"2":{"start":{"line":13,"column":41},"end":{"line":15,"column":4}},"3":{"start":{"line":17,"column":19},"end":{"line":17,"column":36}},"4":{"start":{"line":19,"column":21},"end":{"line":19,"column":36}},"5":{"start":{"line":21,"column":27},"end":{"line":28,"column":3}},"6":{"start":{"line":22,"column":4},"end":{"line":27,"column":5}},"7":{"start":{"line":23,"column":6},"end":{"line":23,"column":57}},"8":{"start":{"line":24,"column":6},"end":{"line":24,"column":36}},"9":{"start":{"line":26,"column":6},"end":{"line":26,"column":37}},"10":{"start":{"line":30,"column":24},"end":{"line":32,"column":3}},"11":{"start":{"line":31,"column":4},"end":{"line":31,"column":34}},"12":{"start":{"line":34,"column":24},"end":{"line":41,"column":3}},"13":{"start":{"line":35,"column":4},"end":{"line":40,"column":5}},"14":{"start":{"line":36,"column":6},"end":{"line":36,"column":40}},"15":{"start":{"line":37,"column":6},"end":{"line":37,"column":62}},"16":{"start":{"line":39,"column":6},"end":{"line":39,"column":37}},"17":{"start":{"line":43,"column":2},"end":{"line":81,"column":4}},"18":{"start":{"line":84,"column":15},"end":{"line":102,"column":2}}},"fnMap":{"0":{"name":"(anonymous_0)","decl":{"start":{"line":11,"column":27},"end":{"line":11,"column":28}},"loc":{"start":{"line":11,"column":33},"end":{"line":82,"column":1}},"line":11},"1":{"name":"(anonymous_1)","decl":{"start":{"line":21,"column":27},"end":{"line":21,"column":28}},"loc":{"start":{"line":21,"column":41},"end":{"line":28,"column":3}},"line":21},"2":{"name":"(anonymous_2)","decl":{"start":{"line":30,"column":24},"end":{"line":30,"column":25}},"loc":{"start":{"line":30,"column":30},"end":{"line":32,"column":3}},"line":30},"3":{"name":"(anonymous_3)","decl":{"start":{"line":34,"column":24},"end":{"line":34,"column":25}},"loc":{"start":{"line":34,"column":36},"end":{"line":41,"column":3}},"line":34}},"branchMap":{},"s":{"0":0,"1":0,"2":0,"3":0,"4":0,"5":0,"6":0,"7":0,"8":0,"9":0,"10":0,"11":0,"12":0,"13":0,"14":0,"15":0,"16":0,"17":0,"18":0},"f":{"0":0,"1":0,"2":0,"3":0},"b":{}}
,"C:\\Users\\marco\\Project\\AirbnbClone-Expo\\src\\screens\\ConfirmEmailScreen\\index.js": {"path":"C:\\Users\\marco\\Project\\AirbnbClone-Expo\\src\\screens\\ConfirmEmailScreen\\index.js","statementMap":{},"fnMap":{},"branchMap":{},"s":{},"f":{},"b":{}}
,"C:\\Users\\marco\\Project\\AirbnbClone-Expo\\src\\screens\\DestinationSearch\\SuggestionRow.js": {"path":"C:\\Users\\marco\\Project\\AirbnbClone-Expo\\src\\screens\\DestinationSearch\\SuggestionRow.js","statementMap":{"0":{"start":{"line":6,"column":22},"end":{"line":13,"column":1}},"1":{"start":{"line":7,"column":2},"end":{"line":12,"column":9}}},"fnMap":{"0":{"name":"(anonymous_0)","decl":{"start":{"line":6,"column":22},"end":{"line":6,"column":23}},"loc":{"start":{"line":7,"column":2},"end":{"line":12,"column":9}},"line":7}},"branchMap":{},"s":{"0":0,"1":0},"f":{"0":0},"b":{}}
,"C:\\Users\\marco\\Project\\AirbnbClone-Expo\\src\\screens\\DestinationSearch\\index.js": {"path":"C:\\Users\\marco\\Project\\AirbnbClone-Expo\\src\\screens\\DestinationSearch\\index.js","statementMap":{"0":{"start":{"line":9,"column":32},"end":{"line":37,"column":1}},"1":{"start":{"line":11,"column":21},"end":{"line":11,"column":36}},"2":{"start":{"line":13,"column":2},"end":{"line":36,"column":4}},"3":{"start":{"line":19,"column":10},"end":{"line":19,"column":37}},"4":{"start":{"line":20,"column":10},"end":{"line":20,"column":80}},"5":{"start":{"line":32,"column":29},"end":{"line":32,"column":58}}},"fnMap":{"0":{"name":"(anonymous_0)","decl":{"start":{"line":9,"column":32},"end":{"line":9,"column":33}},"loc":{"start":{"line":9,"column":43},"end":{"line":37,"column":1}},"line":9},"1":{"name":"(anonymous_1)","decl":{"start":{"line":17,"column":17},"end":{"line":17,"column":18}},"loc":{"start":{"line":17,"column":43},"end":{"line":21,"column":9}},"line":17},"2":{"name":"(anonymous_2)","decl":{"start":{"line":32,"column":19},"end":{"line":32,"column":20}},"loc":{"start":{"line":32,"column":29},"end":{"line":32,"column":58}},"line":32}},"branchMap":{"0":{"loc":{"start":{"line":17,"column":24},"end":{"line":17,"column":38}},"type":"default-arg","locations":[{"start":{"line":17,"column":34},"end":{"line":17,"column":38}}],"line":17}},"s":{"0":0,"1":0,"2":0,"3":0,"4":0,"5":0},"f":{"0":0,"1":0,"2":0},"b":{"0":[0]}}
,"C:\\Users\\marco\\Project\\AirbnbClone-Expo\\src\\screens\\DestinationSearch\\styles.js": {"path":"C:\\Users\\marco\\Project\\AirbnbClone-Expo\\src\\screens\\DestinationSearch\\styles.js","statementMap":{"0":{"start":{"line":3,"column":15},"end":{"line":29,"column":2}}},"fnMap":{},"branchMap":{},"s":{"0":0},"f":{},"b":{}}
,"C:\\Users\\marco\\Project\\AirbnbClone-Expo\\src\\screens\\ForgotPasswordScreen\\ForgotPasswordScreen.js": {"path":"C:\\Users\\marco\\Project\\AirbnbClone-Expo\\src\\screens\\ForgotPasswordScreen\\ForgotPasswordScreen.js","statementMap":{"0":{"start":{"line":10,"column":29},"end":{"line":51,"column":1}},"1":{"start":{"line":11,"column":34},"end":{"line":11,"column":43}},"2":{"start":{"line":12,"column":21},"end":{"line":12,"column":36}},"3":{"start":{"line":14,"column":24},"end":{"line":21,"column":3}},"4":{"start":{"line":15,"column":4},"end":{"line":20,"column":5}},"5":{"start":{"line":16,"column":6},"end":{"line":16,"column":47}},"6":{"start":{"line":17,"column":6},"end":{"line":17,"column":41}},"7":{"start":{"line":19,"column":6},"end":{"line":19,"column":37}},"8":{"start":{"line":23,"column":24},"end":{"line":25,"column":3}},"9":{"start":{"line":24,"column":4},"end":{"line":24,"column":34}},"10":{"start":{"line":27,"column":2},"end":{"line":50,"column":4}},"11":{"start":{"line":53,"column":15},"end":{"line":71,"column":2}}},"fnMap":{"0":{"name":"(anonymous_0)","decl":{"start":{"line":10,"column":29},"end":{"line":10,"column":30}},"loc":{"start":{"line":10,"column":35},"end":{"line":51,"column":1}},"line":10},"1":{"name":"(anonymous_1)","decl":{"start":{"line":14,"column":24},"end":{"line":14,"column":25}},"loc":{"start":{"line":14,"column":38},"end":{"line":21,"column":3}},"line":14},"2":{"name":"(anonymous_2)","decl":{"start":{"line":23,"column":24},"end":{"line":23,"column":25}},"loc":{"start":{"line":23,"column":30},"end":{"line":25,"column":3}},"line":23}},"branchMap":{},"s":{"0":0,"1":0,"2":0,"3":0,"4":0,"5":0,"6":0,"7":0,"8":0,"9":0,"10":0,"11":0},"f":{"0":0,"1":0,"2":0},"b":{}}
,"C:\\Users\\marco\\Project\\AirbnbClone-Expo\\src\\screens\\ForgotPasswordScreen\\index.js": {"path":"C:\\Users\\marco\\Project\\AirbnbClone-Expo\\src\\screens\\ForgotPasswordScreen\\index.js","statementMap":{},"fnMap":{},"branchMap":{},"s":{},"f":{},"b":{}}
,"C:\\Users\\marco\\Project\\AirbnbClone-Expo\\src\\screens\\Guests\\index.js": {"path":"C:\\Users\\marco\\Project\\AirbnbClone-Expo\\src\\screens\\Guests\\index.js","statementMap":{"0":{"start":{"line":7,"column":21},"end":{"line":113,"column":1}},"1":{"start":{"line":8,"column":30},"end":{"line":8,"column":41}},"2":{"start":{"line":9,"column":34},"end":{"line":9,"column":45}},"3":{"start":{"line":10,"column":32},"end":{"line":10,"column":43}},"4":{"start":{"line":12,"column":21},"end":{"line":12,"column":36}},"5":{"start":{"line":13,"column":16},"end":{"line":13,"column":26}},"6":{"start":{"line":15,"column":2},"end":{"line":112,"column":4}},"7":{"start":{"line":25,"column":29},"end":{"line":25,"column":63}},"8":{"start":{"line":33,"column":29},"end":{"line":33,"column":50}},"9":{"start":{"line":47,"column":29},"end":{"line":47,"column":67}},"10":{"start":{"line":55,"column":29},"end":{"line":55,"column":54}},"11":{"start":{"line":69,"column":29},"end":{"line":69,"column":65}},"12":{"start":{"line":77,"column":29},"end":{"line":77,"column":52}},"13":{"start":{"line":87,"column":10},"end":{"line":96,"column":12}}},"fnMap":{"0":{"name":"(anonymous_0)","decl":{"start":{"line":7,"column":21},"end":{"line":7,"column":22}},"loc":{"start":{"line":7,"column":32},"end":{"line":113,"column":1}},"line":7},"1":{"name":"(anonymous_1)","decl":{"start":{"line":25,"column":23},"end":{"line":25,"column":24}},"loc":{"start":{"line":25,"column":29},"end":{"line":25,"column":63}},"line":25},"2":{"name":"(anonymous_2)","decl":{"start":{"line":33,"column":23},"end":{"line":33,"column":24}},"loc":{"start":{"line":33,"column":29},"end":{"line":33,"column":50}},"line":33},"3":{"name":"(anonymous_3)","decl":{"start":{"line":47,"column":23},"end":{"line":47,"column":24}},"loc":{"start":{"line":47,"column":29},"end":{"line":47,"column":67}},"line":47},"4":{"name":"(anonymous_4)","decl":{"start":{"line":55,"column":23},"end":{"line":55,"column":24}},"loc":{"start":{"line":55,"column":29},"end":{"line":55,"column":54}},"line":55},"5":{"name":"(anonymous_5)","decl":{"start":{"line":69,"column":23},"end":{"line":69,"column":24}},"loc":{"start":{"line":69,"column":29},"end":{"line":69,"column":65}},"line":69},"6":{"name":"(anonymous_6)","decl":{"start":{"line":77,"column":23},"end":{"line":77,"column":24}},"loc":{"start":{"line":77,"column":29},"end":{"line":77,"column":52}},"line":77},"7":{"name":"(anonymous_7)","decl":{"start":{"line":86,"column":17},"end":{"line":86,"column":18}},"loc":{"start":{"line":87,"column":10},"end":{"line":96,"column":12}},"line":87}},"branchMap":{},"s":{"0":0,"1":0,"2":0,"3":0,"4":0,"5":0,"6":0,"7":0,"8":0,"9":0,"10":0,"11":0,"12":0,"13":0},"f":{"0":0,"1":0,"2":0,"3":0,"4":0,"5":0,"6":0,"7":0},"b":{}}
,"C:\\Users\\marco\\Project\\AirbnbClone-Expo\\src\\screens\\Guests\\styles.js": {"path":"C:\\Users\\marco\\Project\\AirbnbClone-Expo\\src\\screens\\Guests\\styles.js","statementMap":{"0":{"start":{"line":3,"column":15},"end":{"line":29,"column":2}}},"fnMap":{},"branchMap":{},"s":{"0":0},"f":{},"b":{}}
,"C:\\Users\\marco\\Project\\AirbnbClone-Expo\\src\\screens\\Home\\index.js": {"path":"C:\\Users\\marco\\Project\\AirbnbClone-Expo\\src\\screens\\Home\\index.js","statementMap":{"0":{"start":{"line":8,"column":19},"end":{"line":35,"column":1}},"1":{"start":{"line":9,"column":21},"end":{"line":9,"column":36}},"2":{"start":{"line":11,"column":2},"end":{"line":34,"column":4}},"3":{"start":{"line":16,"column":23},"end":{"line":16,"column":64}},"4":{"start":{"line":28,"column":25},"end":{"line":28,"column":60}}},"fnMap":{"0":{"name":"(anonymous_0)","decl":{"start":{"line":8,"column":19},"end":{"line":8,"column":20}},"loc":{"start":{"line":8,"column":30},"end":{"line":35,"column":1}},"line":8},"1":{"name":"(anonymous_1)","decl":{"start":{"line":16,"column":17},"end":{"line":16,"column":18}},"loc":{"start":{"line":16,"column":23},"end":{"line":16,"column":64}},"line":16},"2":{"name":"(anonymous_2)","decl":{"start":{"line":28,"column":19},"end":{"line":28,"column":20}},"loc":{"start":{"line":28,"column":25},"end":{"line":28,"column":60}},"line":28}},"branchMap":{},"s":{"0":0,"1":0,"2":0,"3":0,"4":0},"f":{"0":0,"1":0,"2":0},"b":{}}
,"C:\\Users\\marco\\Project\\AirbnbClone-Expo\\src\\screens\\Home\\styles.js": {"path":"C:\\Users\\marco\\Project\\AirbnbClone-Expo\\src\\screens\\Home\\styles.js","statementMap":{"0":{"start":{"line":3,"column":15},"end":{"line":49,"column":2}}},"fnMap":{},"branchMap":{},"s":{"0":0},"f":{},"b":{}}
,"C:\\Users\\marco\\Project\\AirbnbClone-Expo\\src\\screens\\NewPasswordScreen\\NewPasswordScreen.js": {"path":"C:\\Users\\marco\\Project\\AirbnbClone-Expo\\src\\screens\\NewPasswordScreen\\NewPasswordScreen.js","statementMap":{"0":{"start":{"line":10,"column":26},"end":{"line":71,"column":1}},"1":{"start":{"line":11,"column":34},"end":{"line":11,"column":43}},"2":{"start":{"line":13,"column":21},"end":{"line":13,"column":36}},"3":{"start":{"line":15,"column":26},"end":{"line":22,"column":3}},"4":{"start":{"line":16,"column":4},"end":{"line":21,"column":5}},"5":{"start":{"line":17,"column":6},"end":{"line":17,"column":79}},"6":{"start":{"line":18,"column":6},"end":{"line":18,"column":36}},"7":{"start":{"line":20,"column":6},"end":{"line":20,"column":37}},"8":{"start":{"line":24,"column":24},"end":{"line":26,"column":3}},"9":{"start":{"line":25,"column":4},"end":{"line":25,"column":34}},"10":{"start":{"line":28,"column":2},"end":{"line":70,"column":4}},"11":{"start":{"line":73,"column":15},"end":{"line":91,"column":2}}},"fnMap":{"0":{"name":"(anonymous_0)","decl":{"start":{"line":10,"column":26},"end":{"line":10,"column":27}},"loc":{"start":{"line":10,"column":32},"end":{"line":71,"column":1}},"line":10},"1":{"name":"(anonymous_1)","decl":{"start":{"line":15,"column":26},"end":{"line":15,"column":27}},"loc":{"start":{"line":15,"column":40},"end":{"line":22,"column":3}},"line":15},"2":{"name":"(anonymous_2)","decl":{"start":{"line":24,"column":24},"end":{"line":24,"column":25}},"loc":{"start":{"line":24,"column":30},"end":{"line":26,"column":3}},"line":24}},"branchMap":{},"s":{"0":0,"1":0,"2":0,"3":0,"4":0,"5":0,"6":0,"7":0,"8":0,"9":0,"10":0,"11":0},"f":{"0":0,"1":0,"2":0},"b":{}}
,"C:\\Users\\marco\\Project\\AirbnbClone-Expo\\src\\screens\\NewPasswordScreen\\index.js": {"path":"C:\\Users\\marco\\Project\\AirbnbClone-Expo\\src\\screens\\NewPasswordScreen\\index.js","statementMap":{},"fnMap":{},"branchMap":{},"s":{},"f":{},"b":{}}
,"C:\\Users\\marco\\Project\\AirbnbClone-Expo\\src\\screens\\PostScreen\\index.js": {"path":"C:\\Users\\marco\\Project\\AirbnbClone-Expo\\src\\screens\\PostScreen\\index.js","statementMap":{"0":{"start":{"line":8,"column":19},"end":{"line":26,"column":1}},"1":{"start":{"line":9,"column":16},"end":{"line":9,"column":26}},"2":{"start":{"line":11,"column":15},"end":{"line":11,"column":69}},"3":{"start":{"line":11,"column":36},"end":{"line":11,"column":68}},"4":{"start":{"line":13,"column":2},"end":{"line":19,"column":3}},"5":{"start":{"line":14,"column":4},"end":{"line":18,"column":6}},"6":{"start":{"line":21,"column":2},"end":{"line":25,"column":4}}},"fnMap":{"0":{"name":"(anonymous_0)","decl":{"start":{"line":8,"column":19},"end":{"line":8,"column":20}},"loc":{"start":{"line":8,"column":30},"end":{"line":26,"column":1}},"line":8},"1":{"name":"(anonymous_1)","decl":{"start":{"line":11,"column":27},"end":{"line":11,"column":28}},"loc":{"start":{"line":11,"column":36},"end":{"line":11,"column":68}},"line":11}},"branchMap":{"0":{"loc":{"start":{"line":13,"column":2},"end":{"line":19,"column":3}},"type":"if","locations":[{"start":{"line":13,"column":2},"end":{"line":19,"column":3}},{"start":{},"end":{}}],"line":13}},"s":{"0":0,"1":0,"2":0,"3":0,"4":0,"5":0,"6":0},"f":{"0":0,"1":0},"b":{"0":[0,0]}}
,"C:\\Users\\marco\\Project\\AirbnbClone-Expo\\src\\screens\\Profile\\index.js": {"path":"C:\\Users\\marco\\Project\\AirbnbClone-Expo\\src\\screens\\Profile\\index.js","statementMap":{"0":{"start":{"line":5,"column":22},"end":{"line":26,"column":1}},"1":{"start":{"line":7,"column":18},"end":{"line":9,"column":3}},"2":{"start":{"line":8,"column":4},"end":{"line":8,"column":19}},"3":{"start":{"line":11,"column":2},"end":{"line":25,"column":4}}},"fnMap":{"0":{"name":"(anonymous_0)","decl":{"start":{"line":5,"column":22},"end":{"line":5,"column":23}},"loc":{"start":{"line":5,"column":28},"end":{"line":26,"column":1}},"line":5},"1":{"name":"(anonymous_1)","decl":{"start":{"line":7,"column":18},"end":{"line":7,"column":19}},"loc":{"start":{"line":7,"column":24},"end":{"line":9,"column":3}},"line":7}},"branchMap":{},"s":{"0":0,"1":0,"2":0,"3":0},"f":{"0":0,"1":0},"b":{}}
,"C:\\Users\\marco\\Project\\AirbnbClone-Expo\\src\\screens\\SearchResults\\index.js": {"path":"C:\\Users\\marco\\Project\\AirbnbClone-Expo\\src\\screens\\SearchResults\\index.js","statementMap":{"0":{"start":{"line":6,"column":20},"end":{"line":6,"column":25}},"1":{"start":{"line":8,"column":2},"end":{"line":8,"column":27}},"2":{"start":{"line":10,"column":2},"end":{"line":17,"column":4}},"3":{"start":{"line":14,"column":34},"end":{"line":14,"column":54}}},"fnMap":{"0":{"name":"SearchResultsScreen","decl":{"start":{"line":5,"column":9},"end":{"line":5,"column":28}},"loc":{"start":{"line":5,"column":36},"end":{"line":18,"column":1}},"line":5},"1":{"name":"(anonymous_1)","decl":{"start":{"line":14,"column":20},"end":{"line":14,"column":21}},"loc":{"start":{"line":14,"column":34},"end":{"line":14,"column":54}},"line":14}},"branchMap":{},"s":{"0":0,"1":0,"2":0,"3":0},"f":{"0":0,"1":0},"b":{}}
,"C:\\Users\\marco\\Project\\AirbnbClone-Expo\\src\\screens\\SearchResultsMap\\index.js": {"path":"C:\\Users\\marco\\Project\\AirbnbClone-Expo\\src\\screens\\SearchResultsMap\\index.js","statementMap":{"0":{"start":{"line":10,"column":26},"end":{"line":85,"column":1}},"1":{"start":{"line":12,"column":20},"end":{"line":12,"column":25}},"2":{"start":{"line":14,"column":48},"end":{"line":14,"column":62}},"3":{"start":{"line":16,"column":19},"end":{"line":16,"column":27}},"4":{"start":{"line":17,"column":14},"end":{"line":17,"column":22}},"5":{"start":{"line":19,"column":21},"end":{"line":19,"column":62}},"6":{"start":{"line":20,"column":24},"end":{"line":25,"column":4}},"7":{"start":{"line":21,"column":4},"end":{"line":24,"column":5}},"8":{"start":{"line":22,"column":28},"end":{"line":22,"column":49}},"9":{"start":{"line":23,"column":6},"end":{"line":23,"column":42}},"10":{"start":{"line":27,"column":16},"end":{"line":27,"column":43}},"11":{"start":{"line":29,"column":2},"end":{"line":44,"column":23}},"12":{"start":{"line":30,"column":4},"end":{"line":32,"column":5}},"13":{"start":{"line":31,"column":6},"end":{"line":31,"column":13}},"14":{"start":{"line":33,"column":18},"end":{"line":33,"column":72}},"15":{"start":{"line":33,"column":43},"end":{"line":33,"column":71}},"16":{"start":{"line":34,"column":4},"end":{"line":34,"column":43}},"17":{"start":{"line":36,"column":26},"end":{"line":36,"column":38}},"18":{"start":{"line":37,"column":19},"end":{"line":42,"column":5}},"19":{"start":{"line":43,"column":4},"end":{"line":43,"column":40}},"20":{"start":{"line":46,"column":2},"end":{"line":84,"column":4}},"21":{"start":{"line":60,"column":10},"end":{"line":65,"column":12}},"22":{"start":{"line":64,"column":27},"end":{"line":64,"column":55}},"23":{"start":{"line":73,"column":34},"end":{"line":73,"column":66}}},"fnMap":{"0":{"name":"(anonymous_0)","decl":{"start":{"line":10,"column":26},"end":{"line":10,"column":27}},"loc":{"start":{"line":10,"column":37},"end":{"line":85,"column":1}},"line":10},"1":{"name":"(anonymous_1)","decl":{"start":{"line":20,"column":31},"end":{"line":20,"column":32}},"loc":{"start":{"line":20,"column":52},"end":{"line":25,"column":3}},"line":20},"2":{"name":"(anonymous_2)","decl":{"start":{"line":29,"column":12},"end":{"line":29,"column":13}},"loc":{"start":{"line":29,"column":18},"end":{"line":44,"column":3}},"line":29},"3":{"name":"(anonymous_3)","decl":{"start":{"line":33,"column":34},"end":{"line":33,"column":35}},"loc":{"start":{"line":33,"column":43},"end":{"line":33,"column":71}},"line":33},"4":{"name":"(anonymous_4)","decl":{"start":{"line":59,"column":19},"end":{"line":59,"column":20}},"loc":{"start":{"line":60,"column":10},"end":{"line":65,"column":12}},"line":60},"5":{"name":"(anonymous_5)","decl":{"start":{"line":64,"column":21},"end":{"line":64,"column":22}},"loc":{"start":{"line":64,"column":27},"end":{"line":64,"column":55}},"line":64},"6":{"name":"(anonymous_6)","decl":{"start":{"line":73,"column":22},"end":{"line":73,"column":23}},"loc":{"start":{"line":73,"column":34},"end":{"line":73,"column":66}},"line":73}},"branchMap":{"0":{"loc":{"start":{"line":21,"column":4},"end":{"line":24,"column":5}},"type":"if","locations":[{"start":{"line":21,"column":4},"end":{"line":24,"column":5}},{"start":{},"end":{}}],"line":21},"1":{"loc":{"start":{"line":30,"column":4},"end":{"line":32,"column":5}},"type":"if","locations":[{"start":{"line":30,"column":4},"end":{"line":32,"column":5}},{"start":{},"end":{}}],"line":30},"2":{"loc":{"start":{"line":30,"column":8},"end":{"line":30,"column":37}},"type":"binary-expr","locations":[{"start":{"line":30,"column":8},"end":{"line":30,"column":24}},{"start":{"line":30,"column":28},"end":{"line":30,"column":37}}],"line":30}},"s":{"0":0,"1":0,"2":0,"3":0,"4":0,"5":0,"6":0,"7":0,"8":0,"9":0,"10":0,"11":0,"12":0,"13":0,"14":0,"15":0,"16":0,"17":0,"18":0,"19":0,"20":0,"21":0,"22":0,"23":0},"f":{"0":0,"1":0,"2":0,"3":0,"4":0,"5":0,"6":0},"b":{"0":[0,0],"1":[0,0],"2":[0,0]}}
,"C:\\Users\\marco\\Project\\AirbnbClone-Expo\\src\\screens\\SignInScreen\\SignInScreen.js": {"path":"C:\\Users\\marco\\Project\\AirbnbClone-Expo\\src\\screens\\SignInScreen\\SignInScreen.js","statementMap":{"0":{"start":{"line":20,"column":21},"end":{"line":105,"column":1}},"1":{"start":{"line":21,"column":19},"end":{"line":21,"column":40}},"2":{"start":{"line":22,"column":21},"end":{"line":22,"column":36}},"3":{"start":{"line":23,"column":32},"end":{"line":23,"column":47}},"4":{"start":{"line":29,"column":6},"end":{"line":29,"column":15}},"5":{"start":{"line":31,"column":26},"end":{"line":44,"column":3}},"6":{"start":{"line":32,"column":4},"end":{"line":34,"column":5}},"7":{"start":{"line":33,"column":6},"end":{"line":33,"column":13}},"8":{"start":{"line":36,"column":4},"end":{"line":36,"column":21}},"9":{"start":{"line":37,"column":4},"end":{"line":42,"column":5}},"10":{"start":{"line":38,"column":23},"end":{"line":38,"column":70}},"11":{"start":{"line":39,"column":6},"end":{"line":39,"column":28}},"12":{"start":{"line":41,"column":6},"end":{"line":41,"column":37}},"13":{"start":{"line":43,"column":4},"end":{"line":43,"column":22}},"14":{"start":{"line":46,"column":34},"end":{"line":48,"column":3}},"15":{"start":{"line":47,"column":4},"end":{"line":47,"column":42}},"16":{"start":{"line":50,"column":24},"end":{"line":52,"column":3}},"17":{"start":{"line":51,"column":4},"end":{"line":51,"column":34}},"18":{"start":{"line":54,"column":2},"end":{"line":104,"column":4}},"19":{"start":{"line":107,"column":15},"end":{"line":117,"column":2}}},"fnMap":{"0":{"name":"(anonymous_0)","decl":{"start":{"line":20,"column":21},"end":{"line":20,"column":22}},"loc":{"start":{"line":20,"column":27},"end":{"line":105,"column":1}},"line":20},"1":{"name":"(anonymous_1)","decl":{"start":{"line":31,"column":26},"end":{"line":31,"column":27}},"loc":{"start":{"line":31,"column":40},"end":{"line":44,"column":3}},"line":31},"2":{"name":"(anonymous_2)","decl":{"start":{"line":46,"column":34},"end":{"line":46,"column":35}},"loc":{"start":{"line":46,"column":40},"end":{"line":48,"column":3}},"line":46},"3":{"name":"(anonymous_3)","decl":{"start":{"line":50,"column":24},"end":{"line":50,"column":25}},"loc":{"start":{"line":50,"column":30},"end":{"line":52,"column":3}},"line":50}},"branchMap":{"0":{"loc":{"start":{"line":32,"column":4},"end":{"line":34,"column":5}},"type":"if","locations":[{"start":{"line":32,"column":4},"end":{"line":34,"column":5}},{"start":{},"end":{}}],"line":32},"1":{"loc":{"start":{"line":85,"column":16},"end":{"line":85,"column":50}},"type":"cond-expr","locations":[{"start":{"line":85,"column":26},"end":{"line":85,"column":38}},{"start":{"line":85,"column":41},"end":{"line":85,"column":50}}],"line":85}},"s":{"0":0,"1":0,"2":0,"3":0,"4":0,"5":0,"6":0,"7":0,"8":0,"9":0,"10":0,"11":0,"12":0,"13":0,"14":0,"15":0,"16":0,"17":0,"18":0,"19":0},"f":{"0":0,"1":0,"2":0,"3":0},"b":{"0":[0,0],"1":[0,0]}}
,"C:\\Users\\marco\\Project\\AirbnbClone-Expo\\src\\screens\\SignInScreen\\index.js": {"path":"C:\\Users\\marco\\Project\\AirbnbClone-Expo\\src\\screens\\SignInScreen\\index.js","statementMap":{},"fnMap":{},"branchMap":{},"s":{},"f":{},"b":{}}
,"C:\\Users\\marco\\Project\\AirbnbClone-Expo\\src\\screens\\SignUpScreen\\SignUpScreen.js": {"path":"C:\\Users\\marco\\Project\\AirbnbClone-Expo\\src\\screens\\SignUpScreen\\SignUpScreen.js","statementMap":{"0":{"start":{"line":11,"column":2},"end":{"line":11,"column":72}},"1":{"start":{"line":13,"column":21},"end":{"line":141,"column":1}},"2":{"start":{"line":14,"column":41},"end":{"line":14,"column":50}},"3":{"start":{"line":15,"column":14},"end":{"line":15,"column":31}},"4":{"start":{"line":16,"column":21},"end":{"line":16,"column":36}},"5":{"start":{"line":18,"column":28},"end":{"line":31,"column":3}},"6":{"start":{"line":19,"column":46},"end":{"line":19,"column":50}},"7":{"start":{"line":20,"column":4},"end":{"line":30,"column":5}},"8":{"start":{"line":21,"column":6},"end":{"line":25,"column":9}},"9":{"start":{"line":27,"column":6},"end":{"line":27,"column":54}},"10":{"start":{"line":29,"column":6},"end":{"line":29,"column":37}},"11":{"start":{"line":33,"column":24},"end":{"line":35,"column":3}},"12":{"start":{"line":34,"column":4},"end":{"line":34,"column":34}},"13":{"start":{"line":37,"column":30},"end":{"line":39,"column":3}},"14":{"start":{"line":38,"column":4},"end":{"line":38,"column":40}},"15":{"start":{"line":41,"column":27},"end":{"line":43,"column":3}},"16":{"start":{"line":42,"column":4},"end":{"line":42,"column":37}},"17":{"start":{"line":45,"column":2},"end":{"line":140,"column":4}},"18":{"start":{"line":111,"column":31},"end":{"line":111,"column":71}},"19":{"start":{"line":143,"column":15},"end":{"line":161,"column":2}}},"fnMap":{"0":{"name":"(anonymous_0)","decl":{"start":{"line":13,"column":21},"end":{"line":13,"column":22}},"loc":{"start":{"line":13,"column":27},"end":{"line":141,"column":1}},"line":13},"1":{"name":"(anonymous_1)","decl":{"start":{"line":18,"column":28},"end":{"line":18,"column":29}},"loc":{"start":{"line":18,"column":42},"end":{"line":31,"column":3}},"line":18},"2":{"name":"(anonymous_2)","decl":{"start":{"line":33,"column":24},"end":{"line":33,"column":25}},"loc":{"start":{"line":33,"column":30},"end":{"line":35,"column":3}},"line":33},"3":{"name":"(anonymous_3)","decl":{"start":{"line":37,"column":30},"end":{"line":37,"column":31}},"loc":{"start":{"line":37,"column":36},"end":{"line":39,"column":3}},"line":37},"4":{"name":"(anonymous_4)","decl":{"start":{"line":41,"column":27},"end":{"line":41,"column":28}},"loc":{"start":{"line":41,"column":33},"end":{"line":43,"column":3}},"line":41},"5":{"name":"(anonymous_5)","decl":{"start":{"line":111,"column":22},"end":{"line":111,"column":23}},"loc":{"start":{"line":111,"column":31},"end":{"line":111,"column":71}},"line":111}},"branchMap":{"0":{"loc":{"start":{"line":111,"column":31},"end":{"line":111,"column":71}},"type":"binary-expr","locations":[{"start":{"line":111,"column":31},"end":{"line":111,"column":44}},{"start":{"line":111,"column":48},"end":{"line":111,"column":71}}],"line":111}},"s":{"0":0,"1":0,"2":0,"3":0,"4":0,"5":0,"6":0,"7":0,"8":0,"9":0,"10":0,"11":0,"12":0,"13":0,"14":0,"15":0,"16":0,"17":0,"18":0,"19":0},"f":{"0":0,"1":0,"2":0,"3":0,"4":0,"5":0},"b":{"0":[0,0]}}
,"C:\\Users\\marco\\Project\\AirbnbClone-Expo\\src\\screens\\SignUpScreen\\index.js": {"path":"C:\\Users\\marco\\Project\\AirbnbClone-Expo\\src\\screens\\SignUpScreen\\index.js","statementMap":{},"fnMap":{},"branchMap":{},"s":{},"f":{},"b":{}}
}
